7001: AiQinHaiGouWuZhongXin AQH 爱琴海购物中心 -- F1 F2 F3 F4 F5 F6
7002: BeiJingBaiHuoDaLou BJBHDL 北京百货大楼 -- B1 F1 F2 F3 F4 F5 F6 F7 F8 F9
7003: DongAnShiChang DASC 东安市场 -- B1 F1 F2 F3
7004: YuanYangWeiLai YYWL 远洋未来 -- B1 F1 F2 F3 F4 F5 F6
7999: TTest TT T测试 -- F6 F7 F8
7005: XinShiJieCaiXuanBaiHuo XSJCX 新世界彩旋百货 -- B2 B1 F1 F2 F3 F4 F5 F6 F7 F8
7997: TongFangD7 TFD7 同方大厦D7 -- F7
7996: TongFangD19 TFD19 同方大厦D19 -- F19
7006: SaiTeGouWuZhongXin STGWZX 赛特购物中心 -- B2 B1 F1 F2 F3 F4 F5
7998: MSRA MSRA 微软 -- 2F
109: GuoMaoShangCheng GMSC 国贸商城 -- B2 B1S B1N L1 L2 L3 L4
149: BeiJingYinTaiZhongXin BJYTZX 北京银泰中心 -- LG L1 L2 L3
109: GuoMaoShangCheng GMSC 国贸商城 -- B2S B2N B1S B1N L1S L1N L2S L2N L3 L4
7994: MTC MTC MTC -- M
7993: MSRA1 MSRA1 微软大厦1号 -- 1F 2F 3F 4F 5F 6F 7F 8F 9F 10F11F 12F 13F 14F 15F 16F 17F
7992: MSRA2 MSRA2 微软大厦2号 -- 1F 2F 3F 7F 8F 9F 10F 11F 12F 13F 14F
7995: Kuike KK 奎科大厦 -- F4 F5
8001: JianWaiSOHOA JWSOHOA 建外SOHO A座 -- B1 1F 2F 3F 4F 5F 6F 7F 8F 9F 10F 11F 12F 13F 14F 15F 16F 17F 18F 19F 20F 21F 22F 23F 24F 25F 26F 27F 28F 29F 30F 31F 32F
8002: JianWaiSOHOB JWSOHOB 建外SOHO B座 -- B1 1F 2F 3F 4F 5F 6F 7F 8F 9F 10F 11F 12F 13F 14F 15F 16F 17F 18F 19F 20F 21F 22F 23F 24F 25F 26F 27F 28F 29F 30F 31F 32F
8003: JianWaiSOHO1 JWSOHO1 建外SOHO 1座 -- B1 1F 2F 3F 4F 5F 6F 7F 8F 9F 10F 11F 12F 13F 14F 15F 16F 17F 18F 19F 20F 21F 22F 23F 24F 25F 26F 27F 28F 29F 30F 31F 32F 33F 34F 35F 36F
8004: JianWaiSOHO2 JWSOHO2 建外SOHO 2座 -- B1 1F 2F 3F 4F 5F 6F 7F 8F 9F 10F 11F 12F 13F 14F 15F 16F 17F 18F 19F 20F 21F 22F 23F 24F 25F 26F 27F 28F 29F 30F 31F 32F 33F 34F 35F 36F
8005: JianWaiSOHO3 JWSOHO3 建外SOHO 3座 -- B1 1F 2F 3F 4F 5F 6F 7F 8F 9F 10F 11F 12F 13F 14F 15F 16F 17F 18F 19F 20F 21F 22F 23F 24F 25F 26F 27F 28F 29F 30F 31F 32F 33F 34F 35F 36F
8006: JianWaiSOHO4 JWSOHO4 建外SOHO 4座 -- B1 1F 2F 3F 4F 5F 6F 7F 8F 9F 10F 11F 12F 13F 14F 15F 16F 17F 18F 19F 20F 21F 22F 23F 24F 25F 26F 27F 28F 29F 30F 31F 32F 33F 34F 35F 36F
8007: JianWaiSOHO5 JWSOHO5 建外SOHO 5座 -- B1 1F 2F 3F 4F 5F 6F 7F 8F 9F 10F 11F 12F 13F 14F 15F 16F 17F 18F 19F 20F 21F 22F 23F 24F 25F 26F 27F 28F 29F 30F 31F 32F 33F 34F 35F 36F
8008: JianWaiSOHO6 JWSOHO6 建外SOHO 6座 -- B1 1F 2F 3F 4F 5F 6F 7F 8F 9F 10F 11F 12F 13F 14F 15F 16F 17F 18F 19F 20F 21F 22F 23F 24F 25F 26F 27F 28F 29F 30F 31F 32F 33F 34F 35F 36F
8009: JianWaiSOHO7 JWSOHO7 建外SOHO 7座 -- B1 1F 2F 3F 4F 5F 6F 7F 8F 9F 10F 11F 12F 13F 14F 15F 16F 17F 18F 19F 20F 21F 22F 23F 24F 25F 26F 27F 28F 29F 30F 31F 32F 33F 34F 35F 36F
8010: JianWaiSOHO8 JWSOHO8 建外SOHO 8座 -- B1 1F 2F 3F 4F 5F 6F 7F 8F 9F 10F 11F 12F 13F 14F 15F 16F 17F 18F 19F 20F 21F 22F 23F 24F 25F 26F 27F 28F 29F 30F 31F 32F 33F 34F 35F 36F
8011: JianWaiSOHO9 JWSOHO9 建外SOHO 9座 -- B1 1F 2F 3F 4F 5F 6F 7F 8F 9F 10F 11F 12F 13F 14F 15F 16F 17F 18F 19F 20F 21F 22F 23F 24F 25F 26F 27F 28F 29F 30F 31F 32F 33F 34F 35F 36F
8012: JianWaiSOHO10 JWSOHO10 建外SOHO 10座 -- B1 1F 2F 3F 4F 5F 6F 7F 8F 9F 10F 11F 12F 13F 14F 15F 16F 17F 18F 19F 20F 21F 22F 23F 24F 25F 26F 27F 28F 29F 30F 31F 32F 33F 34F 35F 36F
8013: JianWaiSOHO11 JWSOHO11 建外SOHO 11座 -- B1 1F 2F 3F 4F 5F 6F 7F 8F 9F 10F 11F 12F 13F 14F 15F 16F 17F 18F 19F 20F 21F 22F 23F 24F 25F 26F 27F 28F 29F 30F 31F 32F 33F 34F 35F 36F
8014: JianWaiSOHO12 JWSOHO12 建外SOHO 12座 -- B1 1F 2F 3F 4F 5F 6F 7F 8F 9F 10F 11F 12F 13F 14F 15F 16F 17F 18F 19F 20F 21F 22F 23F 24F 25F 26F 27F 28F 29F 30F 31F 32F 33F 34F 35F 36F
8015: JianWaiSOHO13 JWSOHO13 建外SOHO 13座 -- B1 1F 2F 3F 4F 5F 6F 7F 8F 9F 10F 11F 12F 13F 14F 15F 16F 17F 18F 19F 20F 21F 22F 23F 24F 25F 26F 27F 28F 29F 30F 31F 32F 33F 34F 35F 36F
8016: JianWaiSOHO14 JWSOHO14 建外SOHO 14座 -- B1 1F 2F 3F 4F 5F 6F 7F 8F 9F 10F 11F 12F 13F 14F 15F 16F 17F 18F 19F 20F 21F 22F 23F 24F 25F 26F 27F 28F 29F 30F 31F 32F 33F 34F 35F 36F
8017: JianWaiSOHO15 JWSOHO15 建外SOHO 15座 -- B1 1F 2F 3F 4F 5F 6F 7F 8F 9F 10F 11F 12F 13F 14F 15F 16F 17F 18F 19F 20F 21F 22F 23F 24F 25F 26F 27F 28F 29F 30F 31F 32F 33F 34F 35F 36F
8018: JianWaiSOHO16 JWSOHO16 建外SOHO 16座 -- B1 1F 2F 3F 4F 5F 6F 7F 8F 9F 10F 11F 12F 13F 14F 15F 16F 17F 18F 19F 20F 21F 22F 23F 24F 25F 26F 27F 28F 29F 30F 31F 32F 33F 34F 35F 36F
8019: JianWaiSOHO17 JWSOHO17 建外SOHO 17座 -- B1 1F 2F 3F 4F 5F 6F 7F 8F 9F 10F 11F 12F 13F 14F 15F 16F 17F 18F 19F 20F 21F 22F 23F 24F 25F 26F 27F 28F 29F 30F 31F 32F 33F 34F 35F 36F
8020: JianWaiSOHO18 JWSOHO18 建外SOHO 18座 -- B1 1F 2F 3F 4F 5F 6F 7F 8F 9F 10F 11F 12F 13F 14F 15F 16F 17F 18F 19F 20F 21F 22F 23F 24F 25F 26F 27F 28F 29F 30F 31F 32F 33F 34F 35F 36F
8023: WangJingSOHO3 WJSOHO3 望京SOHO 3座 -- B1 1F 2F 3F 4F 5F 6F
8022: WangJingSOHO2 WJSOHO3 望京SOHO 2座 -- B1 1F 2F 3F 4F 5F 6F
8021: WangJingSOHO1 WJSOHO1 望京SOHO 1座 -- B1 1F 2F 3F 4F 5F 6F

8024: ChaoWaiSOHOA CWSOHOA 朝外SOHO A座 -- B1 1F 2F 3F 4F 5F 6F 7F 8F 9F 10F 11F 12F 13F 14F 15F 16F 17F 18F 19F 20F 21F 22F 23F 24F 25F 26F 27F 28F 29F
8025: ChaoWaiSOHOB CWSOHOB 朝外SOHO B座 -- B1 1F 2F 3F 4F 5F 6F 7F 8F 9F 10F 11F 12F
8026: ChaoWaiSOHOC CWSOHOC 朝外SOHO C座 -- B1 1F 2F 3F 4F 5F 6F 7F 8F 9F 10F 11F 12F
8027: ChaoWaiSOHOD CWSOHOD 朝外SOHO D座 -- B1 1F 2F 3F 4F 5F 6F 7F 8F 9F 10F 11F 12F
8028: YinHeSOHOA YHSOHOA 银河SOHO A座 -- B1 1F 2F 3F 4F 5F 6F 7F 8F 9F 10F 11F 12F 13F 14F 15F 16F 17F
8029: YinHeSOHOB YHSOHOB 银河SOHO B座 -- B1 1F 2F 3F 4F 5F 6F 7F 8F 9F 10F 11F 12F 13F 14F 15F 16F 17F
8030: YinHeSOHOC YHSOHOC 银河SOHO C座 -- B1 1F 2F 3F 4F 5F 6F 7F 8F 9F 10F 11F 12F 13F 14F 15F 16F 17F
8031: YinHeSOHOD YHSOHOD 银河SOHO D座 -- B1 1F 2F 3F 4F 5F 6F 7F 8F 9F 10F 11F 12F 13F 14F 15F 16F 17F
