Chericom/千仞岗::品牌女装::http://list.tmall.com/search_product.htm?cat=50025135&brand=78158180&sort=s&style=g&search_condition=23&from=sn__brand-qp&active=1&industryCatId=50025145&spm=a220m.1000858.0.0.xXF7Qa#J_crumbs
INMAN/茵曼::品牌女装::http://list.tmall.com/search_product.htm?cat=50025135&brand=4536243&sort=s&style=g&search_condition=23&from=sn__brand-qp&active=1&industryCatId=50025145&spm=a220m.1000858.0.0.xXF7Qa#J_crumbs
恒源祥::品牌女装::http://list.tmall.com/search_product.htm?cat=50025135&brand=46864&sort=s&style=g&search_condition=23&from=sn__brand-qp&active=1&industryCatId=50025145&spm=a220m.1000858.0.0.xXF7Qa#J_crumbs
HSTYLE/韩都衣舍::品牌女装::http://list.tmall.com/search_product.htm?cat=50025135&brand=8598007&sort=s&style=g&search_condition=23&from=sn__brand-qp&active=1&industryCatId=50025145&spm=a220m.1000858.0.0.xXF7Qa#J_crumbs
Goldfarm/高梵::品牌女装::http://list.tmall.com/search_product.htm?cat=50025135&brand=91313798&sort=s&style=g&search_condition=23&from=sn__brand-qp&active=1&industryCatId=50025145&spm=a220m.1000858.0.0.xXF7Qa#J_crumbs
裂帛::品牌女装::http://list.tmall.com/search_product.htm?cat=50025135&brand=115437&sort=s&style=g&search_condition=23&from=sn__brand-qp&active=1&industryCatId=50025145&spm=a220m.1000858.0.0.xXF7Qa#J_crumbs
OSA::品牌女装::http://list.tmall.com/search_product.htm?cat=50025135&brand=16617329&sort=s&style=g&search_condition=23&from=sn__brand-qp&active=1&industryCatId=50025145&spm=a220m.1000858.0.0.xXF7Qa#J_crumbs
三彩::品牌女装::http://list.tmall.com/search_product.htm?cat=50025135&brand=30537&sort=s&style=g&search_condition=23&from=sn__brand-qp&active=1&industryCatId=50025145&spm=a220m.1000858.0.0.xXF7Qa#J_crumbs
Artka::品牌女装::http://list.tmall.com/search_product.htm?cat=50025135&brand=3437878&sort=s&style=g&search_condition=23&from=sn__brand-qp&active=1&industryCatId=50025145&spm=a220m.1000858.0.0.xXF7Qa#J_crumbs
伊人国度::品牌女装::http://list.tmall.com/search_product.htm?cat=50025135&brand=132255142&sort=s&style=g&search_condition=23&from=sn__brand-qp&active=1&industryCatId=50025145&spm=a220m.1000858.0.0.xXF7Qa#J_crumbs
Bejirog/北极绒::品牌女装::http://list.tmall.com/search_product.htm?cat=50025135&brand=3469821&sort=s&style=g&search_condition=23&from=sn__brand-qp&active=1&industryCatId=50025145&spm=a220m.1000858.0.0.xXF7Qa#J_crumbs
ESE&middot;Y/逸阳::品牌女装::http://list.tmall.com/search_product.htm?cat=50025135&brand=64180915&sort=s&style=g&search_condition=23&from=sn__brand-qp&active=1&industryCatId=50025145&spm=a220m.1000858.0.0.xXF7Qa#J_crumbs
苏醒的乐园::品牌女装::http://list.tmall.com/search_product.htm?cat=50025135&brand=28216953&sort=s&style=g&search_condition=23&from=sn__brand-qp&active=1&industryCatId=50025145&spm=a220m.1000858.0.0.xXF7Qa#J_crumbs
ONLY::品牌女装::http://list.tmall.com/search_product.htm?cat=50025135&brand=29896&sort=s&style=g&search_condition=23&from=sn__brand-qp&active=1&industryCatId=50025145&spm=a220m.1000858.0.0.xXF7Qa#J_crumbs
尤麦::品牌女装::http://list.tmall.com/search_product.htm?cat=50025135&brand=4535006&sort=s&style=g&search_condition=23&from=sn__brand-qp&active=1&industryCatId=50025145&spm=a220m.1000858.0.0.xXF7Qa#J_crumbs
香影::品牌女装::http://list.tmall.com/search_product.htm?cat=50025135&brand=120936&sort=s&style=g&search_condition=23&from=sn__brand-qp&active=1&industryCatId=50025145&spm=a220m.1000858.0.0.xXF7Qa#J_crumbs
Shinena/夏娜::品牌女装::http://list.tmall.com/search_product.htm?cat=50025135&brand=82745224&sort=s&style=g&search_condition=23&from=sn__brand&active=1&industryCatId=50025145&spm=a220m.1000858.0.0.xXF7Qa#J_crumbs
Suobado/索芭朵::品牌女装::http://list.tmall.com/search_product.htm?cat=50025135&brand=188964101&sort=s&style=g&search_condition=23&from=sn__brand&active=1&industryCatId=50025145&spm=a220m.1000858.0.0.xXF7Qa#J_crumbs
ANGEL CITIZ/天使之城::品牌女装::http://list.tmall.com/search_product.htm?cat=50025135&brand=63336689&sort=s&style=g&search_condition=23&from=sn__brand&active=1&industryCatId=50025145&spm=a220m.1000858.0.0.xXF7Qa#J_crumbs
抹茶の生活::品牌女装::http://list.tmall.com/search_product.htm?cat=50025135&brand=92700100&sort=s&style=g&search_condition=23&from=sn__brand&active=1&industryCatId=50025145&spm=a220m.1000858.0.0.xXF7Qa#J_crumbs
YSJMIONI::品牌女装::http://list.tmall.com/search_product.htm?cat=50025135&brand=21133750&sort=s&style=g&search_condition=23&from=sn__brand&active=1&industryCatId=50025145&spm=a220m.1000858.0.0.xXF7Qa#J_crumbs
LUXLEAD/洛诗琳::品牌女装::http://list.tmall.com/search_product.htm?cat=50025135&brand=60236451&sort=s&style=g&search_condition=23&from=sn__brand&active=1&industryCatId=50025145&spm=a220m.1000858.0.0.xXF7Qa#J_crumbs
Aziyur/子域::品牌女装::http://list.tmall.com/search_product.htm?cat=50025135&brand=86337851&sort=s&style=g&search_condition=23&from=sn__brand&active=1&industryCatId=50025145&spm=a220m.1000858.0.0.xXF7Qa#J_crumbs
Souline/素缕::品牌女装::http://list.tmall.com/search_product.htm?cat=50025135&brand=156432213&sort=s&style=g&search_condition=23&from=sn__brand&active=1&industryCatId=50025145&spm=a220m.1000858.0.0.xXF7Qa#J_crumbs
a02::品牌女装::http://list.tmall.com/search_product.htm?cat=50025135&brand=3348331&sort=s&style=g&search_condition=23&from=sn__brand&active=1&industryCatId=50025145&spm=a220m.1000858.0.0.xXF7Qa#J_crumbs
乐町::品牌女装::http://list.tmall.com/search_product.htm?cat=50025135&brand=4057780&sort=s&style=g&search_condition=23&from=sn__brand&active=1&industryCatId=50025145&spm=a220m.1000858.0.0.xXF7Qa#J_crumbs
Semir/森马::品牌女装::http://list.tmall.com/search_product.htm?cat=50025135&brand=130259&sort=s&style=g&search_condition=23&from=sn__brand&active=1&industryCatId=50025145&spm=a220m.1000858.0.0.xXF7Qa#J_crumbs
纤莉秀::品牌女装::http://list.tmall.com/search_product.htm?cat=50025135&brand=3567213&sort=s&style=g&search_condition=23&from=sn__brand&active=1&industryCatId=50025145&spm=a220m.1000858.0.0.xXF7Qa#J_crumbs
Oulileisha/欧妮莉纱::品牌女装::http://list.tmall.com/search_product.htm?cat=50025135&brand=104164838&sort=s&style=g&search_condition=23&from=sn__brand&active=1&industryCatId=50025145&spm=a220m.1000858.0.0.xXF7Qa#J_crumbs
Lrosey/蓝若水::品牌女装::http://list.tmall.com/search_product.htm?cat=50025135&brand=27748333&sort=s&style=g&search_condition=23&from=sn__brand&active=1&industryCatId=50025145&spm=a220m.1000858.0.0.xXF7Qa#J_crumbs
粉红大布娃娃::品牌女装::http://list.tmall.com/search_product.htm?cat=50025135&brand=3280668&sort=s&style=g&search_condition=23&from=sn__brand&active=1&industryCatId=50025145&spm=a220m.1000858.0.0.xXF7Qa#J_crumbs
ELF SACK/妖精的口袋::品牌女装::http://list.tmall.com/search_product.htm?cat=50025135&brand=10518561&sort=s&style=g&search_condition=23&from=sn__brand&active=1&industryCatId=50025145&spm=a220m.1000858.0.0.xXF7Qa#J_crumbs
Meters Bonwe/美特斯邦威::品牌女装::http://list.tmall.com/search_product.htm?cat=50025135&brand=29504&sort=s&style=g&search_condition=23&from=sn__brand&active=1&industryCatId=50025145&spm=a220m.1000858.0.0.xXF7Qa#J_crumbs
Goelia/歌莉娅::品牌女装::http://list.tmall.com/search_product.htm?cat=50025135&brand=31681&sort=s&style=g&search_condition=23&from=sn__brand&active=1&industryCatId=50025145&spm=a220m.1000858.0.0.xXF7Qa#J_crumbs
ESPRIT/埃斯普利特::品牌女装::http://list.tmall.com/search_product.htm?cat=50025135&brand=20814&sort=s&style=g&search_condition=23&from=sn__brand&active=1&industryCatId=50025145&spm=a220m.1000858.0.0.xXF7Qa#J_crumbs
JNBY/江南布衣::品牌女装::http://list.tmall.com/search_product.htm?cat=50025135&brand=29909&sort=s&style=g&search_condition=23&from=sn__brand&active=1&industryCatId=50025145&spm=a220m.1000858.0.0.xXF7Qa#J_crumbs
Jeanswest/真维斯::品牌女装::http://list.tmall.com/search_product.htm?cat=50025135&brand=29495&sort=s&style=g&search_condition=23&from=sn__brand&active=1&industryCatId=50025145&spm=a220m.1000858.0.0.xXF7Qa#J_crumbs
Giordano/佐丹奴::品牌女装::http://list.tmall.com/search_product.htm?cat=50025135&brand=29485&sort=s&style=g&search_condition=23&from=sn__brand&active=1&industryCatId=50025145&spm=a220m.1000858.0.0.xXF7Qa#J_crumbs
tonlion/唐狮::品牌女装::http://list.tmall.com/search_product.htm?cat=50025135&brand=115357&sort=s&style=g&search_condition=23&from=sn__brand&active=1&industryCatId=50025145&spm=a220m.1000858.0.0.xXF7Qa#J_crumbs
Vero Moda::品牌女装::http://list.tmall.com/search_product.htm?cat=50025135&brand=29902&sort=s&style=g&search_condition=23&from=sn__brand&active=1&industryCatId=50025145&spm=a220m.1000858.0.0.xXF7Qa#J_crumbs
初语::品牌女装::http://list.tmall.com/search_product.htm?cat=50025135&brand=116296827&sort=s&style=g&search_condition=23&from=sn__brand&active=1&industryCatId=50025145&spm=a220m.1000858.0.0.xXF7Qa#J_crumbs
styleonme/衣奥蜜::品牌女装::http://list.tmall.com/search_product.htm?cat=50025135&brand=3286487&sort=s&style=g&search_condition=23&from=sn__brand&active=1&industryCatId=50025145&spm=a220m.1000858.0.0.xXF7Qa#J_crumbs
Haoduoyi::品牌女装::http://list.tmall.com/search_product.htm?cat=50025135&brand=69709102&sort=s&style=g&search_condition=23&from=sn__brand&active=1&industryCatId=50025145&spm=a220m.1000858.0.0.xXF7Qa#J_crumbs
Sentubila/尚都比拉::品牌女装::http://list.tmall.com/search_product.htm?cat=50025135&brand=4022933&sort=s&style=g&search_condition=23&from=sn__brand&active=1&industryCatId=50025145&spm=a220m.1000858.0.0.xXF7Qa#J_crumbs
靓兮::品牌女装::http://list.tmall.com/search_product.htm?cat=50025135&brand=286758240&sort=s&style=g&search_condition=23&from=sn__brand&active=1&industryCatId=50025145&spm=a220m.1000858.0.0.xXF7Qa#J_crumbs
Othermix::品牌女装::http://list.tmall.com/search_product.htm?cat=50025135&brand=60256838&sort=s&style=g&search_condition=23&from=sn__brand&active=1&industryCatId=50025145&spm=a220m.1000858.0.0.xXF7Qa#J_crumbs
Uniqlo/优衣库::品牌女装::http://list.tmall.com/search_product.htm?cat=50025135&brand=29527&sort=s&style=g&search_condition=23&from=sn__brand&active=1&industryCatId=50025145&spm=a220m.1000858.0.0.xXF7Qa#J_crumbs
VOA::品牌女装::http://list.tmall.com/search_product.htm?cat=50025135&brand=68893777&sort=s&style=g&search_condition=23&from=sn__brand&active=1&industryCatId=50025145&spm=a220m.1000858.0.0.xXF7Qa#J_crumbs
SOFEYA::品牌女装::http://list.tmall.com/search_product.htm?cat=50025135&brand=70772652&sort=s&style=g&search_condition=23&from=sn__brand&active=1&industryCatId=50025145&spm=a220m.1000858.0.0.xXF7Qa#J_crumbs
初棉::品牌女装::http://list.tmall.com/search_product.htm?cat=50025135&brand=151609331&sort=s&style=g&search_condition=23&from=sn__brand&active=1&industryCatId=50025145&spm=a220m.1000858.0.0.xXF7Qa#J_crumbs
JCOOL STORY::品牌女装::http://list.tmall.com/search_product.htm?cat=50025135&brand=28172604&sort=s&style=g&search_condition=23&from=sn__brand&active=1&industryCatId=50025145&spm=a220m.1000858.0.0.xXF7Qa#J_crumbs
Lagogo/拉谷谷::品牌女装::http://list.tmall.com/search_product.htm?cat=50025135&brand=88005292&sort=s&style=g&search_condition=23&from=sn__brand&active=1&industryCatId=50025145&spm=a220m.1000858.0.0.xXF7Qa#J_crumbs
PEACEBIRD/太平鸟::品牌女装::http://list.tmall.com/search_product.htm?cat=50025135&brand=109718&sort=s&style=g&search_condition=23&from=sn__brand&active=1&industryCatId=50025145&spm=a220m.1000858.0.0.xXF7Qa#J_crumbs
简娅::品牌女装::http://list.tmall.com/search_product.htm?cat=50025135&brand=265402437&sort=s&style=g&search_condition=23&from=sn__brand&active=1&industryCatId=50025145&spm=a220m.1000858.0.0.xXF7Qa#J_crumbs
纤麦::品牌女装::http://list.tmall.com/search_product.htm?cat=50025135&brand=10996679&sort=s&style=g&search_condition=23&from=sn__brand&active=1&industryCatId=50025145&spm=a220m.1000858.0.0.xXF7Qa#J_crumbs
Lily/丽丽::品牌女装::http://list.tmall.com/search_product.htm?cat=50025135&brand=3412352&sort=s&style=g&search_condition=23&from=sn__brand&active=1&industryCatId=50025145&spm=a220m.1000858.0.0.xXF7Qa#J_crumbs
sllsky/熙世界::品牌女装::http://list.tmall.com/search_product.htm?cat=50025135&brand=116854473&sort=s&style=g&search_condition=23&from=sn__brand&active=1&industryCatId=50025145&spm=a220m.1000858.0.0.xXF7Qa#J_crumbs
LEVU&rsquo;SU/艺元素::品牌女装::http://list.tmall.com/search_product.htm?cat=50025135&brand=3401993&sort=s&style=g&search_condition=23&from=sn__brand&active=1&industryCatId=50025145&spm=a220m.1000858.0.0.xXF7Qa#J_crumbs
匠记::品牌女装::http://list.tmall.com/search_product.htm?cat=50025135&brand=141034357&sort=s&style=g&search_condition=23&from=sn__brand&active=1&industryCatId=50025145&spm=a220m.1000858.0.0.xXF7Qa#J_crumbs
Replay::品牌女装::http://list.tmall.com/search_product.htm?cat=50025135&brand=20823&sort=s&style=g&search_condition=23&from=sn__brand&active=1&industryCatId=50025145&spm=a220m.1000858.0.0.xXF7Qa#J_crumbs
Five Plus::品牌女装::http://list.tmall.com/search_product.htm?cat=50025135&brand=34647955&sort=s&style=g&search_condition=23&from=sn__brand&active=1&industryCatId=50025145&spm=a220m.1000858.0.0.xXF7Qa#J_crumbs
Ladyangel::品牌女装::http://list.tmall.com/search_product.htm?cat=50025135&brand=130955840&sort=s&style=g&search_condition=23&from=sn__brand&active=1&industryCatId=50025145&spm=a220m.1000858.0.0.xXF7Qa#J_crumbs
niffeilu::品牌女装::http://list.tmall.com/search_product.htm?cat=50025135&brand=117387418&sort=s&style=g&search_condition=23&from=sn__brand&active=1&industryCatId=50025145&spm=a220m.1000858.0.0.xXF7Qa#J_crumbs
ZARA KARA::品牌女装::http://list.tmall.com/search_product.htm?cat=50025135&brand=155927578&sort=s&style=g&search_condition=23&from=sn__brand&active=1&industryCatId=50025145&spm=a220m.1000858.0.0.xXF7Qa#J_crumbs
Ibuu::品牌女装::http://list.tmall.com/search_product.htm?cat=50025135&brand=104153503&sort=s&style=g&search_condition=23&from=sn__brand&active=1&industryCatId=50025145&spm=a220m.1000858.0.0.xXF7Qa#J_crumbs
broadcast/播::品牌女装::http://list.tmall.com/search_product.htm?cat=50025135&brand=29908&sort=s&style=g&search_condition=23&from=sn__brand&active=1&industryCatId=50025145&spm=a220m.1000858.0.0.xXF7Qa#J_crumbs
Naivee/纳薇::品牌女装::http://list.tmall.com/search_product.htm?cat=50025135&brand=115324&sort=s&style=g&search_condition=23&from=sn__brand&active=1&industryCatId=50025145&spm=a220m.1000858.0.0.xXF7Qa#J_crumbs
艾路丝婷::品牌女装::http://list.tmall.com/search_product.htm?cat=50025135&brand=88282700&sort=s&style=g&search_condition=23&from=sn__brand&active=1&industryCatId=50025145&spm=a220m.1000858.0.0.xXF7Qa#J_crumbs
EARTH MUSIC＆ECOLOGY::品牌女装::http://list.tmall.com/search_product.htm?cat=50025135&brand=34444306&sort=s&style=g&search_condition=23&from=sn__brand&active=1&industryCatId=50025145&spm=a220m.1000858.0.0.xXF7Qa#J_crumbs
Ochirly/欧时力::品牌女装::http://list.tmall.com/search_product.htm?cat=50025135&brand=29895&sort=s&style=g&search_condition=23&from=sn__brand&active=1&industryCatId=50025145&spm=a220m.1000858.0.0.xXF7Qa#J_crumbs
珍牧绒::品牌女装::http://list.tmall.com/search_product.htm?cat=50025135&brand=540960413&sort=s&style=g&search_condition=23&from=sn__brand&active=1&industryCatId=50025145&spm=a220m.1000858.0.0.xXF7Qa#J_crumbs
Amii::品牌女装::http://list.tmall.com/search_product.htm?cat=50025135&brand=4256930&sort=s&style=g&search_condition=23&from=sn__brand&active=1&industryCatId=50025145&spm=a220m.1000858.0.0.xXF7Qa#J_crumbs
艾琴の海::品牌女装::http://list.tmall.com/search_product.htm?cat=50025135&brand=88640591&sort=s&style=g&search_condition=23&from=sn__brand&active=1&industryCatId=50025145&spm=a220m.1000858.0.0.xXF7Qa#J_crumbs
100F1/百分之一::品牌女装::http://list.tmall.com/search_product.htm?cat=50025135&brand=33691944&sort=s&style=g&search_condition=23&from=sn__brand&active=1&industryCatId=50025145&spm=a220m.1000858.0.0.xXF7Qa#J_crumbs
芷蔓::品牌女装::http://list.tmall.com/search_product.htm?cat=50025135&brand=148007206&sort=s&style=g&search_condition=23&from=sn__brand&active=1&industryCatId=50025145&spm=a220m.1000858.0.0.xXF7Qa#J_crumbs
筱姿::品牌女装::http://list.tmall.com/search_product.htm?cat=50025135&brand=44960767&sort=s&style=g&search_condition=23&from=sn__brand&active=1&industryCatId=50025145&spm=a220m.1000858.0.0.xXF7Qa#J_crumbs
Koreshion/韩&middot;帛&middot;伊&middot;品::品牌女装::http://list.tmall.com/search_product.htm?cat=50025135&brand=95686750&sort=s&style=g&search_condition=23&from=sn__brand&active=1&industryCatId=50025145&spm=a220m.1000858.0.0.xXF7Qa#J_crumbs
SUSONGETH/首尚格释::品牌女装::http://list.tmall.com/search_product.htm?cat=50025135&brand=99735694&sort=s&style=g&search_condition=23&from=sn__brand&active=1&industryCatId=50025145&spm=a220m.1000858.0.0.xXF7Qa#J_crumbs
Chame/卿妹::品牌女装::http://list.tmall.com/search_product.htm?cat=50025135&brand=90998044&sort=s&style=g&search_condition=23&from=sn__brand&active=1&industryCatId=50025145&spm=a220m.1000858.0.0.xXF7Qa#J_crumbs
卡洛莱::品牌女装::http://list.tmall.com/search_product.htm?cat=50025135&brand=50724469&sort=s&style=g&search_condition=23&from=sn__brand&active=1&industryCatId=50025145&spm=a220m.1000858.0.0.xXF7Qa#J_crumbs
QM/乔麦::品牌女装::http://list.tmall.com/search_product.htm?cat=50025135&brand=19724168&sort=s&style=g&search_condition=23&from=sn__brand&active=1&industryCatId=50025145&spm=a220m.1000858.0.0.xXF7Qa#J_crumbs
粉红小布娃娃::品牌女装::http://list.tmall.com/search_product.htm?cat=50025135&brand=107153552&sort=s&style=g&search_condition=23&from=sn__brand&active=1&industryCatId=50025145&spm=a220m.1000858.0.0.xXF7Qa#J_crumbs
Etam/艾格::品牌女装::http://list.tmall.com/search_product.htm?cat=50025135&brand=29875&sort=s&style=g&search_condition=23&from=sn__brand&active=1&industryCatId=50025145&spm=a220m.1000858.0.0.xXF7Qa#J_crumbs
依南衣::品牌女装::http://list.tmall.com/search_product.htm?cat=50025135&brand=104331397&sort=s&style=g&search_condition=23&from=sn__brand&active=1&industryCatId=50025145&spm=a220m.1000858.0.0.xXF7Qa#J_crumbs
Romeza/芮美姿::品牌女装::http://list.tmall.com/search_product.htm?cat=50025135&brand=268432125&sort=s&style=g&search_condition=23&from=sn__brand&active=1&industryCatId=50025145&spm=a220m.1000858.0.0.xXF7Qa#J_crumbs
Only Angel::品牌女装::http://list.tmall.com/search_product.htm?cat=50025135&brand=28662992&sort=s&style=g&search_condition=23&from=sn__brand&active=1&industryCatId=50025145&spm=a220m.1000858.0.0.xXF7Qa#J_crumbs
Teenie Weenie::品牌女装::http://list.tmall.com/search_product.htm?cat=50025135&brand=29900&sort=s&style=g&search_condition=23&from=sn__brand&active=1&industryCatId=50025145&spm=a220m.1000858.0.0.xXF7Qa#J_crumbs
Show Long/舒朗::品牌女装::http://list.tmall.com/search_product.htm?cat=50025135&brand=72571380&sort=s&style=g&search_condition=23&from=sn__brand&active=1&industryCatId=50025145&spm=a220m.1000858.0.0.xXF7Qa#J_crumbs
艾娃依妮::品牌女装::http://list.tmall.com/search_product.htm?cat=50025135&brand=40670498&sort=s&style=g&search_condition=23&from=sn__brand&active=1&industryCatId=50025145&spm=a220m.1000858.0.0.xXF7Qa#J_crumbs
蓝色夏天::品牌女装::http://list.tmall.com/search_product.htm?cat=50025135&brand=4231932&sort=s&style=g&search_condition=23&from=sn__brand&active=1&industryCatId=50025145&spm=a220m.1000858.0.0.xXF7Qa#J_crumbs
JETTRAIN/捷纯::品牌女装::http://list.tmall.com/search_product.htm?cat=50025135&brand=113976249&sort=s&style=g&search_condition=23&from=sn__brand&active=1&industryCatId=50025145&spm=a220m.1000858.0.0.xXF7Qa#J_crumbs
AOSMI/奥诗迈::品牌女装::http://list.tmall.com/search_product.htm?cat=50025135&brand=184206687&sort=s&style=g&search_condition=23&from=sn__brand&active=1&industryCatId=50025145&spm=a220m.1000858.0.0.xXF7Qa#J_crumbs
秋水伊人::品牌女装::http://list.tmall.com/search_product.htm?cat=50025135&brand=67788&sort=s&style=g&search_condition=23&from=sn__brand&active=1&industryCatId=50025145&spm=a220m.1000858.0.0.xXF7Qa#J_crumbs
Koradior/珂莱蒂尔::品牌女装::http://list.tmall.com/search_product.htm?cat=50025135&brand=4243871&sort=s&style=g&search_condition=23&from=sn__brand&active=1&industryCatId=50025145&spm=a220m.1000858.0.0.xXF7Qa#J_crumbs
Mo＆Co．/摩安珂::品牌女装::http://list.tmall.com/search_product.htm?cat=50025135&brand=86206958&sort=s&style=g&search_condition=23&from=sn__brand&active=1&industryCatId=50025145&spm=a220m.1000858.0.0.xXF7Qa#J_crumbs
Nnvennz/琳丽人::品牌女装::http://list.tmall.com/search_product.htm?cat=50025135&brand=248612098&sort=s&style=g&search_condition=23&from=sn__brand&active=1&industryCatId=50025145&spm=a220m.1000858.0.0.xXF7Qa#J_crumbs
Q．C．T::品牌女装::http://list.tmall.com/search_product.htm?cat=50025135&brand=22394046&sort=s&style=g&search_condition=23&from=sn__brand&active=1&industryCatId=50025145&spm=a220m.1000858.0.0.xXF7Qa#J_crumbs
MIRROR FUN::品牌女装::http://list.tmall.com/search_product.htm?cat=50025135&brand=104373472&sort=s&style=g&search_condition=23&from=sn__brand&active=1&industryCatId=50025145&spm=a220m.1000858.0.0.xXF7Qa#J_crumbs
BESTBAO/百诗堡::品牌女装::http://list.tmall.com/search_product.htm?cat=50025135&brand=126034034&sort=s&style=g&search_condition=23&from=sn__brand&active=1&industryCatId=50025145&spm=a220m.1000858.0.0.xXF7Qa#J_crumbs
C&amp;A::品牌女装::http://list.tmall.com/search_product.htm?cat=50025135&brand=6220775&sort=s&style=g&search_condition=23&from=sn__brand&active=1&industryCatId=50025145&spm=a220m.1000858.0.0.xXF7Qa#J_crumbs
岁月&middot;秀::品牌女装::http://list.tmall.com/search_product.htm?cat=50025135&brand=142385153&sort=s&style=g&search_condition=23&from=sn__brand&active=1&industryCatId=50025145&spm=a220m.1000858.0.0.xXF7Qa#J_crumbs
S-Cabin::品牌女装::http://list.tmall.com/search_product.htm?cat=50025135&brand=29051301&sort=s&style=g&search_condition=23&from=sn__brand&active=1&industryCatId=50025145&spm=a220m.1000858.0.0.xXF7Qa#J_crumbs
薇之衣::品牌女装::http://list.tmall.com/search_product.htm?cat=50025135&brand=71253850&sort=s&style=g&search_condition=23&from=sn__brand&active=1&industryCatId=50025145&spm=a220m.1000858.0.0.xXF7Qa#J_crumbs
Asobio/傲鸶::品牌女装::http://list.tmall.com/search_product.htm?cat=50025135&brand=8455374&sort=s&style=g&search_condition=23&from=sn__brand&active=1&industryCatId=50025145&spm=a220m.1000858.0.0.xXF7Qa#J_crumbs
CharMode/莎默::品牌女装::http://list.tmall.com/search_product.htm?cat=50025135&brand=126434337&sort=s&style=g&search_condition=23&from=sn__brand&active=1&industryCatId=50025145&spm=a220m.1000858.0.0.xXF7Qa#J_crumbs
外滩衣元素::品牌女装::http://list.tmall.com/search_product.htm?cat=50025135&brand=95235385&sort=s&style=g&search_condition=23&from=sn__brand&active=1&industryCatId=50025145&spm=a220m.1000858.0.0.xXF7Qa#J_crumbs
栢芙妍::品牌女装::http://list.tmall.com/search_product.htm?cat=50025135&brand=138414458&sort=s&style=g&search_condition=23&from=sn__brand&active=1&industryCatId=50025145&spm=a220m.1000858.0.0.xXF7Qa#J_crumbs
柔顺ROSHUN::品牌女装::http://list.tmall.com/search_product.htm?cat=50025135&brand=4367149&sort=s&style=g&search_condition=23&from=sn__brand&active=1&industryCatId=50025145&spm=a220m.1000858.0.0.xXF7Qa#J_crumbs
哥丽艳::品牌女装::http://list.tmall.com/search_product.htm?cat=50025135&brand=139518285&sort=s&style=g&search_condition=23&from=sn__brand&active=1&industryCatId=50025145&spm=a220m.1000858.0.0.xXF7Qa#J_crumbs
潮速::品牌女装::http://list.tmall.com/search_product.htm?cat=50025135&brand=120799861&sort=s&style=g&search_condition=23&from=sn__brand&active=1&industryCatId=50025145&spm=a220m.1000858.0.0.xXF7Qa#J_crumbs
湘扬::品牌女装::http://list.tmall.com/search_product.htm?cat=50025135&brand=172984460&sort=s&style=g&search_condition=23&from=sn__brand&active=1&industryCatId=50025145&spm=a220m.1000858.0.0.xXF7Qa#J_crumbs
邑品::品牌女装::http://list.tmall.com/search_product.htm?cat=50025135&brand=315448930&sort=s&style=g&search_condition=23&from=sn__brand&active=1&industryCatId=50025145&spm=a220m.1000858.0.0.xXF7Qa#J_crumbs
莉妮儿::品牌女装::http://list.tmall.com/search_product.htm?cat=50025135&brand=550662057&sort=s&style=g&search_condition=23&from=sn__brand&active=1&industryCatId=50025145&spm=a220m.1000858.0.0.xXF7Qa#J_crumbs
Eptison/衣品天成::品牌女装::http://list.tmall.com/search_product.htm?cat=50025135&brand=48572509&sort=s&style=g&search_condition=23&from=sn__brand&active=1&industryCatId=50025145&spm=a220m.1000858.0.0.xXF7Qa#J_crumbs
永恒之秀::品牌女装::http://list.tmall.com/search_product.htm?cat=50025135&brand=95235400&sort=s&style=g&search_condition=23&from=sn__brand&active=1&industryCatId=50025145&spm=a220m.1000858.0.0.xXF7Qa#J_crumbs
Holiday Lady/度假小姐::品牌女装::http://list.tmall.com/search_product.htm?cat=50025135&brand=69986629&sort=s&style=g&search_condition=23&from=sn__brand&active=1&industryCatId=50025145&spm=a220m.1000858.0.0.xXF7Qa#J_crumbs
喜向红::品牌女装::http://list.tmall.com/search_product.htm?cat=50025135&brand=75286213&sort=s&style=g&search_condition=23&from=sn__brand&active=1&industryCatId=50025145&spm=a220m.1000858.0.0.xXF7Qa#J_crumbs
佳韵&middot;依典::品牌女装::http://list.tmall.com/search_product.htm?cat=50025135&brand=151976006&sort=s&style=g&search_condition=23&from=sn__brand&active=1&industryCatId=50025145&spm=a220m.1000858.0.0.xXF7Qa#J_crumbs
Baabi Baaby::品牌女装::http://list.tmall.com/search_product.htm?cat=50025135&brand=61610224&sort=s&style=g&search_condition=23&from=sn__brand&active=1&industryCatId=50025145&spm=a220m.1000858.0.0.xXF7Qa#J_crumbs
缇妃::品牌女装::http://list.tmall.com/search_product.htm?cat=50025135&brand=131928514&sort=s&style=g&search_condition=23&from=sn__brand&active=1&industryCatId=50025145&spm=a220m.1000858.0.0.xXF7Qa#J_crumbs
Mind Bridge::品牌女装::http://list.tmall.com/search_product.htm?cat=50025135&brand=3624314&sort=s&style=g&search_condition=23&from=sn__brand&active=1&industryCatId=50025145&spm=a220m.1000858.0.0.xXF7Qa#J_crumbs
Moer 陌儿::品牌女装::http://list.tmall.com/search_product.htm?cat=50025135&brand=124671108&sort=s&style=g&search_condition=23&from=sn__brand&active=1&industryCatId=50025145&spm=a220m.1000858.0.0.xXF7Qa#J_crumbs
情姿妃::品牌女装::http://list.tmall.com/search_product.htm?cat=50025135&brand=248316226&sort=s&style=g&search_condition=23&from=sn__brand&active=1&industryCatId=50025145&spm=a220m.1000858.0.0.xXF7Qa#J_crumbs
安姿都::品牌女装::http://list.tmall.com/search_product.htm?cat=50025135&brand=184212563&sort=s&style=g&search_condition=23&from=sn__brand&active=1&industryCatId=50025145&spm=a220m.1000858.0.0.xXF7Qa#J_crumbs
丽欧斯莱::品牌女装::http://list.tmall.com/search_product.htm?cat=50025135&brand=63086030&sort=s&style=g&search_condition=23&from=sn__brand&active=1&industryCatId=50025145&spm=a220m.1000858.0.0.xXF7Qa#J_crumbs
Quintina/昆蒂娜::品牌女装::http://list.tmall.com/search_product.htm?cat=50025135&brand=110764381&sort=s&style=g&search_condition=23&from=sn__brand&active=1&industryCatId=50025145&spm=a220m.1000858.0.0.xXF7Qa#J_crumbs
INSUN/恩裳::品牌女装::http://list.tmall.com/search_product.htm?cat=50025135&brand=32795255&sort=s&style=g&search_condition=23&from=sn__brand&active=1&industryCatId=50025145&spm=a220m.1000858.0.0.xXF7Qa#J_crumbs
小镇曲径::品牌女装::http://list.tmall.com/search_product.htm?cat=50025135&brand=109308876&sort=s&style=g&search_condition=23&from=sn__brand&active=1&industryCatId=50025145&spm=a220m.1000858.0.0.xXF7Qa#J_crumbs
艾米恋::品牌女装::http://list.tmall.com/search_product.htm?cat=50025135&brand=4539973&sort=s&style=g&search_condition=23&from=sn__brand&active=1&industryCatId=50025145&spm=a220m.1000858.0.0.xXF7Qa#J_crumbs
SMALL LIKE/毛菇小象::品牌女装::http://list.tmall.com/search_product.htm?cat=50025135&brand=361710229&sort=s&style=g&search_condition=23&from=sn__brand&active=1&industryCatId=50025145&spm=a220m.1000858.0.0.xXF7Qa#J_crumbs
蜜柚::品牌女装::http://list.tmall.com/search_product.htm?cat=50025135&brand=5441017&sort=s&style=g&search_condition=23&from=sn__brand&active=1&industryCatId=50025145&spm=a220m.1000858.0.0.xXF7Qa#J_crumbs
千步沙::品牌女装::http://list.tmall.com/search_product.htm?cat=50025135&brand=3385910&sort=s&style=g&search_condition=23&from=sn__brand&active=1&industryCatId=50025145&spm=a220m.1000858.0.0.xXF7Qa#J_crumbs
皮尔芙::品牌女装::http://list.tmall.com/search_product.htm?cat=50025135&brand=132271577&sort=s&style=g&search_condition=23&from=sn__brand&active=1&industryCatId=50025145&spm=a220m.1000858.0.0.xXF7Qa#J_crumbs
浅恋::品牌女装::http://list.tmall.com/search_product.htm?cat=50025135&brand=226064411&sort=s&style=g&search_condition=23&from=sn__brand&active=1&industryCatId=50025145&spm=a220m.1000858.0.0.xXF7Qa#J_crumbs
艾澜绒斯::品牌女装::http://list.tmall.com/search_product.htm?cat=50025135&brand=155629161&sort=s&style=g&search_condition=23&from=sn__brand&active=1&industryCatId=50025145&spm=a220m.1000858.0.0.xXF7Qa#J_crumbs
Apocobpoco/A大调B小调::品牌女装::http://list.tmall.com/search_product.htm?cat=50025135&brand=102663880&sort=s&style=g&search_condition=23&from=sn__brand&active=1&industryCatId=50025145&spm=a220m.1000858.0.0.xXF7Qa#J_crumbs
爱丽缇::品牌女装::http://list.tmall.com/search_product.htm?cat=50025135&brand=15084827&sort=s&style=g&search_condition=23&from=sn__brand&active=1&industryCatId=50025145&spm=a220m.1000858.0.0.xXF7Qa#J_crumbs
Beans::品牌女装::http://list.tmall.com/search_product.htm?cat=50025135&brand=12443137&sort=s&style=g&search_condition=23&from=sn__brand&active=1&industryCatId=50025145&spm=a220m.1000858.0.0.xXF7Qa#J_crumbs
Pukka/蒲牌::品牌女装::http://list.tmall.com/search_product.htm?cat=50025135&brand=8621144&sort=s&style=g&search_condition=23&from=sn__brand&active=1&industryCatId=50025145&spm=a220m.1000858.0.0.xXF7Qa#J_crumbs
壹潮堂::品牌女装::http://list.tmall.com/search_product.htm?cat=50025135&brand=212266416&sort=s&style=g&search_condition=23&from=sn__brand&active=1&industryCatId=50025145&spm=a220m.1000858.0.0.xXF7Qa#J_crumbs
悦女季::品牌女装::http://list.tmall.com/search_product.htm?cat=50025135&brand=123683205&sort=s&style=g&search_condition=23&from=sn__brand&active=1&industryCatId=50025145&spm=a220m.1000858.0.0.xXF7Qa#J_crumbs
Deep Street::品牌女装::http://list.tmall.com/search_product.htm?cat=50025135&brand=291746590&sort=s&style=g&search_condition=23&from=sn__brand&active=1&industryCatId=50025145&spm=a220m.1000858.0.0.xXF7Qa#J_crumbs
M＆S/马莎::品牌女装::http://list.tmall.com/search_product.htm?cat=50025135&brand=3430678&sort=s&style=g&search_condition=23&from=sn__brand&active=1&industryCatId=50025145&spm=a220m.1000858.0.0.xXF7Qa#J_crumbs
H－SHARPREACH/亿利达::品牌女装::http://list.tmall.com/search_product.htm?cat=50025135&brand=3752014&sort=s&style=g&search_condition=23&from=sn__brand&active=1&industryCatId=50025145&spm=a220m.1000858.0.0.xXF7Qa#J_crumbs
懿圆::品牌女装::http://list.tmall.com/search_product.htm?cat=50025135&brand=22382136&sort=s&style=g&search_condition=23&from=sn__brand&active=1&industryCatId=50025145&spm=a220m.1000858.0.0.xXF7Qa#J_crumbs
迷糊公主::品牌女装::http://list.tmall.com/search_product.htm?cat=50025135&brand=46331230&sort=s&style=g&search_condition=23&from=sn__brand&active=1&industryCatId=50025145&spm=a220m.1000858.0.0.xXF7Qa#J_crumbs
PRASE::品牌女装::http://list.tmall.com/search_product.htm?cat=50025135&brand=180132268&sort=s&style=g&search_condition=23&from=sn__brand&active=1&industryCatId=50025145&spm=a220m.1000858.0.0.xXF7Qa#J_crumbs
思美莉::品牌女装::http://list.tmall.com/search_product.htm?cat=50025135&brand=336436829&sort=s&style=g&search_condition=23&from=sn__brand&active=1&industryCatId=50025145&spm=a220m.1000858.0.0.xXF7Qa#J_crumbs
红莲 HONG LIAN::品牌女装::http://list.tmall.com/search_product.htm?cat=50025135&brand=3221135&sort=s&style=g&search_condition=23&from=sn__brand&active=1&industryCatId=50025145&spm=a220m.1000858.0.0.xXF7Qa#J_crumbs
淑昕媛::品牌女装::http://list.tmall.com/search_product.htm?cat=50025135&brand=190196363&sort=s&style=g&search_condition=23&from=sn__brand&active=1&industryCatId=50025145&spm=a220m.1000858.0.0.xXF7Qa#J_crumbs
Forever 21/永远21::品牌女装::http://list.tmall.com/search_product.htm?cat=50025135&brand=66097950&sort=s&style=g&search_condition=23&from=sn__brand&active=1&industryCatId=50025145&spm=a220m.1000858.0.0.xXF7Qa#J_crumbs
颜域::品牌女装::http://list.tmall.com/search_product.htm?cat=50025135&brand=36055931&sort=s&style=g&search_condition=23&from=sn__brand&active=1&industryCatId=50025145&spm=a220m.1000858.0.0.xXF7Qa#J_crumbs
仙蝶妮::品牌女装::http://list.tmall.com/search_product.htm?cat=50025135&brand=245278765&sort=s&style=g&search_condition=23&from=sn__brand&active=1&industryCatId=50025145&spm=a220m.1000858.0.0.xXF7Qa#J_crumbs
PULL＆BEAR::品牌女装::http://list.tmall.com/search_product.htm?cat=50025135&brand=159455842&sort=s&style=g&search_condition=23&from=sn__brand&active=1&industryCatId=50025145&spm=a220m.1000858.0.0.xXF7Qa#J_crumbs
涵香::品牌女装::http://list.tmall.com/search_product.htm?cat=50025135&brand=3724016&sort=s&style=g&search_condition=23&from=sn__brand&active=1&industryCatId=50025145&spm=a220m.1000858.0.0.xXF7Qa#J_crumbs
Borardes/柏拉迪丝::品牌女装::http://list.tmall.com/search_product.htm?cat=50025135&brand=90667898&sort=s&style=g&search_condition=23&from=sn__brand&active=1&industryCatId=50025145&spm=a220m.1000858.0.0.xXF7Qa#J_crumbs
渔::品牌女装::http://list.tmall.com/search_product.htm?cat=50025135&brand=3627944&sort=s&style=g&search_condition=23&from=sn__brand&active=1&industryCatId=50025145&spm=a220m.1000858.0.0.xXF7Qa#J_crumbs
葵恩雅::品牌女装::http://list.tmall.com/search_product.htm?cat=50025135&brand=62061411&sort=s&style=g&search_condition=23&from=sn__brand&active=1&industryCatId=50025145&spm=a220m.1000858.0.0.xXF7Qa#J_crumbs
Ms&middot;She/慕姗&middot;诗怡::品牌女装::http://list.tmall.com/search_product.htm?cat=50025135&brand=73628222&sort=s&style=g&search_condition=23&from=sn__brand&active=1&industryCatId=50025145&spm=a220m.1000858.0.0.xXF7Qa#J_crumbs
爱妈美::品牌女装::http://list.tmall.com/search_product.htm?cat=50025135&brand=109969176&sort=s&style=g&search_condition=23&from=sn__brand&active=1&industryCatId=50025145&spm=a220m.1000858.0.0.xXF7Qa#J_crumbs
OLrain::品牌女装::http://list.tmall.com/search_product.htm?cat=50025135&brand=92844151&sort=s&style=g&search_condition=23&from=sn__brand&active=1&industryCatId=50025145&spm=a220m.1000858.0.0.xXF7Qa#J_crumbs
如也::品牌女装::http://list.tmall.com/search_product.htm?cat=50025135&brand=82666106&sort=s&style=g&search_condition=23&from=sn__brand&active=1&industryCatId=50025145&spm=a220m.1000858.0.0.xXF7Qa#J_crumbs
erke/鸿星尔克::品牌女装::http://list.tmall.com/search_product.htm?cat=50025135&brand=49429&sort=s&style=g&search_condition=23&from=sn__brand&active=1&industryCatId=50025145&spm=a220m.1000858.0.0.xXF7Qa#J_crumbs
Jorase::品牌女装::http://list.tmall.com/search_product.htm?cat=50025135&brand=134158116&sort=s&style=g&search_condition=23&from=sn__brand&active=1&industryCatId=50025145&spm=a220m.1000858.0.0.xXF7Qa#J_crumbs
凯兰朵::品牌女装::http://list.tmall.com/search_product.htm?cat=50025135&brand=61673262&sort=s&style=g&search_condition=23&from=sn__brand&active=1&industryCatId=50025145&spm=a220m.1000858.0.0.xXF7Qa#J_crumbs
seasoncity::品牌女装::http://list.tmall.com/search_product.htm?cat=50025135&brand=49015330&sort=s&style=g&search_condition=23&from=sn__brand&active=1&industryCatId=50025145&spm=a220m.1000858.0.0.xXF7Qa#J_crumbs
九の秀::品牌女装::http://list.tmall.com/search_product.htm?cat=50025135&brand=4124068&sort=s&style=g&search_condition=23&from=sn__brand&active=1&industryCatId=50025145&spm=a220m.1000858.0.0.xXF7Qa#J_crumbs
MANGO::品牌女装::http://list.tmall.com/search_product.htm?cat=50025135&brand=115307&sort=s&style=g&search_condition=23&from=sn__brand&active=1&industryCatId=50025145&spm=a220m.1000858.0.0.xXF7Qa#J_crumbs
JUZUI/玖姿::品牌女装::http://list.tmall.com/search_product.htm?cat=50025135&brand=4139249&sort=s&style=g&search_condition=23&from=sn__brand&active=1&industryCatId=50025145&spm=a220m.1000858.0.0.xXF7Qa#J_crumbs
韩慧雪::品牌女装::http://list.tmall.com/search_product.htm?cat=50025135&brand=138144623&sort=s&style=g&search_condition=23&from=sn__brand&active=1&industryCatId=50025145&spm=a220m.1000858.0.0.xXF7Qa#J_crumbs
Sam&rsquo;s Tree/森宿::品牌女装::http://list.tmall.com/search_product.htm?cat=50025135&brand=136992458&sort=s&style=g&search_condition=23&from=sn__brand&active=1&industryCatId=50025145&spm=a220m.1000858.0.0.xXF7Qa#J_crumbs
Three Wai/三纬::品牌女装::http://list.tmall.com/search_product.htm?cat=50025135&brand=26306772&sort=s&style=g&search_condition=23&from=sn__brand&active=1&industryCatId=50025145&spm=a220m.1000858.0.0.xXF7Qa#J_crumbs
杜羊::品牌女装::http://list.tmall.com/search_product.htm?cat=50025135&brand=554574802&sort=s&style=g&search_condition=23&from=sn__brand&active=1&industryCatId=50025145&spm=a220m.1000858.0.0.xXF7Qa#J_crumbs
馨予可::品牌女装::http://list.tmall.com/search_product.htm?cat=50025135&brand=117774850&sort=s&style=g&search_condition=23&from=sn__brand&active=1&industryCatId=50025145&spm=a220m.1000858.0.0.xXF7Qa#J_crumbs
fngrade/风奢尚品::品牌女装::http://list.tmall.com/search_product.htm?cat=50025135&brand=357122763&sort=s&style=g&search_condition=23&from=sn__brand&active=1&industryCatId=50025145&spm=a220m.1000858.0.0.xXF7Qa#J_crumbs
彩黛妃::品牌女装::http://list.tmall.com/search_product.htm?cat=50025135&brand=559394825&sort=s&style=g&search_condition=23&from=sn__brand&active=1&industryCatId=50025145&spm=a220m.1000858.0.0.xXF7Qa#J_crumbs
TALBOTS::品牌女装::http://list.tmall.com/search_product.htm?cat=50025135&brand=3991091&sort=s&style=g&search_condition=23&from=sn__brand&active=1&industryCatId=50025145&spm=a220m.1000858.0.0.xXF7Qa#J_crumbs
希源::品牌女装::http://list.tmall.com/search_product.htm?cat=50025135&brand=10770849&sort=s&style=g&search_condition=23&from=sn__brand&active=1&industryCatId=50025145&spm=a220m.1000858.0.0.xXF7Qa#J_crumbs
Cache Cache::品牌女装::http://list.tmall.com/search_product.htm?cat=50025135&brand=5566039&sort=s&style=g&search_condition=23&from=sn__brand&active=1&industryCatId=50025145&spm=a220m.1000858.0.0.xXF7Qa#J_crumbs
阁楼花开::品牌女装::http://list.tmall.com/search_product.htm?cat=50025135&brand=63114132&sort=s&style=g&search_condition=23&from=sn__brand&active=1&industryCatId=50025145&spm=a220m.1000858.0.0.xXF7Qa#J_crumbs
伊自尚::品牌女装::http://list.tmall.com/search_product.htm?cat=50025135&brand=3369437&sort=s&style=g&search_condition=23&from=sn__brand&active=1&industryCatId=50025145&spm=a220m.1000858.0.0.xXF7Qa#J_crumbs
卡轩佳人::品牌女装::http://list.tmall.com/search_product.htm?cat=50025135&brand=32042735&sort=s&style=g&search_condition=23&from=sn__brand&active=1&industryCatId=50025145&spm=a220m.1000858.0.0.xXF7Qa#J_crumbs
福玛玛::品牌女装::http://list.tmall.com/search_product.htm?cat=50025135&brand=130143548&sort=s&style=g&search_condition=23&from=sn__brand&active=1&industryCatId=50025145&spm=a220m.1000858.0.0.xXF7Qa#J_crumbs
舒米优::品牌女装::http://list.tmall.com/search_product.htm?cat=50025135&brand=540054427&sort=s&style=g&search_condition=23&from=sn__brand&active=1&industryCatId=50025145&spm=a220m.1000858.0.0.xXF7Qa#J_crumbs
Varmos sports/威摩士::品牌女装::http://list.tmall.com/search_product.htm?cat=50025135&brand=536286553&sort=s&style=g&search_condition=23&from=sn__brand&active=1&industryCatId=50025145&spm=a220m.1000858.0.0.xXF7Qa#J_crumbs
名门新娘::品牌女装::http://list.tmall.com/search_product.htm?cat=50025135&brand=26078369&sort=s&style=g&search_condition=23&from=sn__brand&active=1&industryCatId=50025145&spm=a220m.1000858.0.0.xXF7Qa#J_crumbs
Nice space/水盈格::品牌女装::http://list.tmall.com/search_product.htm?cat=50025135&brand=13794861&sort=s&style=g&search_condition=23&from=sn__brand&active=1&industryCatId=50025145&spm=a220m.1000858.0.0.xXF7Qa#J_crumbs
CIAO！DAFANFAN::品牌女装::http://list.tmall.com/search_product.htm?cat=50025135&brand=65652978&sort=s&style=g&search_condition=23&from=sn__brand&active=1&industryCatId=50025145&spm=a220m.1000858.0.0.xXF7Qa#J_crumbs
仪特娅::品牌女装::http://list.tmall.com/search_product.htm?cat=50025135&brand=251210791&sort=s&style=g&search_condition=23&from=sn__brand&active=1&industryCatId=50025145&spm=a220m.1000858.0.0.xXF7Qa#J_crumbs
DESIGNICE/迪赛尼斯::品牌女装::http://list.tmall.com/search_product.htm?cat=50025135&brand=3484523&sort=s&style=g&search_condition=23&from=sn__brand&active=1&industryCatId=50025145&spm=a220m.1000858.0.0.xXF7Qa#J_crumbs
名兰世家::品牌女装::http://list.tmall.com/search_product.htm?cat=50025135&brand=21139360&sort=s&style=g&search_condition=23&from=sn__brand&active=1&industryCatId=50025145&spm=a220m.1000858.0.0.xXF7Qa#J_crumbs
basic style::品牌女装::http://list.tmall.com/search_product.htm?cat=50025135&brand=3451265&sort=s&style=g&search_condition=23&from=sn__brand&active=1&industryCatId=50025145&spm=a220m.1000858.0.0.xXF7Qa#J_crumbs
洛竹::品牌女装::http://list.tmall.com/search_product.htm?cat=50025135&brand=307884298&sort=s&style=g&search_condition=23&from=sn__brand&active=1&industryCatId=50025145&spm=a220m.1000858.0.0.xXF7Qa#J_crumbs
GANGAN WORLD/甘甘的世界::品牌女装::http://list.tmall.com/search_product.htm?cat=50025135&brand=47705078&sort=s&style=g&search_condition=23&from=sn__brand&active=1&industryCatId=50025145&spm=a220m.1000858.0.0.xXF7Qa#J_crumbs
珍艾思妮::品牌女装::http://list.tmall.com/search_product.htm?cat=50025135&brand=179732083&sort=s&style=g&search_condition=23&from=sn__brand&active=1&industryCatId=50025145&spm=a220m.1000858.0.0.xXF7Qa#J_crumbs
神话女人::品牌女装::http://list.tmall.com/search_product.htm?cat=50025135&brand=15126207&sort=s&style=g&search_condition=23&from=sn__brand&active=1&industryCatId=50025145&spm=a220m.1000858.0.0.xXF7Qa#J_crumbs
水墨山水::品牌女装::http://list.tmall.com/search_product.htm?cat=50025135&brand=34687497&sort=s&style=g&search_condition=23&from=sn__brand&active=1&industryCatId=50025145&spm=a220m.1000858.0.0.xXF7Qa#J_crumbs
韩芝霏::品牌女装::http://list.tmall.com/search_product.htm?cat=50025135&brand=68449606&sort=s&style=g&search_condition=23&from=sn__brand&active=1&industryCatId=50025145&spm=a220m.1000858.0.0.xXF7Qa#J_crumbs
金缕梅 jinlvmei::品牌女装::http://list.tmall.com/search_product.htm?cat=50025135&brand=84801&sort=s&style=g&search_condition=23&from=sn__brand&active=1&industryCatId=50025145&spm=a220m.1000858.0.0.xXF7Qa#J_crumbs
离题::品牌女装::http://list.tmall.com/search_product.htm?cat=50025135&brand=139800406&sort=s&style=g&search_condition=23&from=sn__brand&active=1&industryCatId=50025145&spm=a220m.1000858.0.0.xXF7Qa#J_crumbs
X.Yoliger::品牌女装::http://list.tmall.com/search_product.htm?cat=50025135&brand=4533530&sort=s&style=g&search_condition=23&from=sn__brand&active=1&industryCatId=50025145&spm=a220m.1000858.0.0.xXF7Qa#J_crumbs
s.deer::品牌女装::http://list.tmall.com/search_product.htm?cat=50025135&brand=7242249&sort=s&style=g&search_condition=23&from=sn__brand&active=1&industryCatId=50025145&spm=a220m.1000858.0.0.xXF7Qa#J_crumbs
歌依妮::品牌女装::http://list.tmall.com/search_product.htm?cat=50025135&brand=116546479&sort=s&style=g&search_condition=23&from=sn__brand&active=1&industryCatId=50025145&spm=a220m.1000858.0.0.xXF7Qa#J_crumbs
杭衣酷::品牌女装::http://list.tmall.com/search_product.htm?cat=50025135&brand=20552177&sort=s&style=g&search_condition=23&from=sn__brand&active=1&industryCatId=50025145&spm=a220m.1000858.0.0.xXF7Qa#J_crumbs
Elegant．Prosper/雅莹::品牌女装::http://list.tmall.com/search_product.htm?cat=50025135&brand=3856489&sort=s&style=g&search_condition=23&from=sn__brand&active=1&industryCatId=50025145&spm=a220m.1000858.0.0.xXF7Qa#J_crumbs
尘颜::品牌女装::http://list.tmall.com/search_product.htm?cat=50025135&brand=222856239&sort=s&style=g&search_condition=23&from=sn__brand&active=1&industryCatId=50025145&spm=a220m.1000858.0.0.xXF7Qa#J_crumbs
多琳纳::品牌女装::http://list.tmall.com/search_product.htm?cat=50025135&brand=8345480&sort=s&style=g&search_condition=23&from=sn__brand&active=1&industryCatId=50025145&spm=a220m.1000858.0.0.xXF7Qa#J_crumbs
